/tmp/tmpjly2vh10/student/position.h:11:5: warning: Struct 'Position' has a constructor with 1 argument that is not explicit. [noExplicitConstructor]
    Position(std::size_t x={}, std::size_t y={}): x_(x), y_(y)
    ^
/tmp/tmpjly2vh10/student/enemy.cpp:3:0: warning: The function 'shouldIMoveThisTime' is never used. [unusedFunction]
bool Enemy::shouldIMoveThisTime() const
^
/tmp/tmpjly2vh10/student/enemy.cpp:10:0: warning: The function 'lifePercent' is never used. [unusedFunction]
int Enemy::lifePercent() const {
^
/tmp/tmpjly2vh10/student/enemy.cpp:18:0: warning: The function 'decreaseLife' is never used. [unusedFunction]
void Enemy::decreaseLife(const int damage) {
^
/tmp/tmpjly2vh10/student/engine.cpp:11:0: warning: The function 'signum' is never used. [unusedFunction]
inline auto signum(int x)
^
/tmp/tmpjly2vh10/student/engine.cpp:62:0: warning: The function 'update' is never used. [unusedFunction]
void Engine::update()
^
/tmp/tmpjly2vh10/student/engine.cpp:79:0: warning: The function 'movePlayerUp' is never used. [unusedFunction]
void Engine::movePlayerUp() {
^
/tmp/tmpjly2vh10/student/engine.cpp:83:0: warning: The function 'movePlayerDown' is never used. [unusedFunction]
void Engine::movePlayerDown() {
^
/tmp/tmpjly2vh10/student/engine.cpp:87:0: warning: The function 'movePlayerLeft' is never used. [unusedFunction]
void Engine::movePlayerLeft() {
^
/tmp/tmpjly2vh10/student/engine.cpp:90:0: warning: The function 'movePlayerRight' is never used. [unusedFunction]
void Engine::movePlayerRight() {
^
/tmp/tmpjly2vh10/student/engine.cpp:94:0: warning: The function 'playerShoots' is never used. [unusedFunction]
void Engine::playerShoots()
^
/tmp/tmpjly2vh10/student/engine.cpp:143:0: warning: The function 'isPlayerAlive' is never used. [unusedFunction]
bool Engine::isPlayerAlive() const
^
/tmp/tmpjly2vh10/student/engine.cpp:148:0: warning: The function 'stageWidthCells' is never used. [unusedFunction]
std::size_t Engine::stageWidthCells() const
^
/tmp/tmpjly2vh10/student/engine.cpp:152:0: warning: The function 'stageHeightCells' is never used. [unusedFunction]
std::size_t Engine::stageHeightCells() const
^
/tmp/tmpjly2vh10/student/object.cpp:9:0: warning: The function 'type' is never used. [unusedFunction]
ObjectType Object::type() const {
^
/tmp/tmpjly2vh10/student/object.cpp:13:0: warning: The function 'setPosition' is never used. [unusedFunction]
void Object::setPosition(const Position &position) {
^
/tmp/tmpjly2vh10/student/stage.cpp:10:0: warning: The function 'get' is never used. [unusedFunction]
std::shared_ptr<Object> Stage::get(Position position)
^
/tmp/tmpjly2vh10/student/stage.cpp:22:0: warning: The function 'set' is never used. [unusedFunction]
void Stage::set(std::shared_ptr<Object> object, Position position)
^
/tmp/tmpjly2vh10/student/stage.cpp:28:0: warning: The function 'isInside' is never used. [unusedFunction]
bool Stage::isInside(Position position) const
^
